<?xml version="1.0" encoding="UTF-8"?>
<!-- Generated by org.testng.reporters.JUnitReportReporter -->
<testsuite hostname="Jayashri" failures="0" tests="1" name="testClasses.VerifyUserCanLoginpage" time="4.072" errors="0" timestamp="2022-10-12T16:40:29 IST" skipped="0">
  <testcase classname="testClasses.VerifyUserCanLoginpage" name="VerifyUserCanLoginPage" time="4.072"/>
  <system-out/>
</testsuite> <!-- testClasses.VerifyUserCanLoginpage -->
