<?xml version="1.0" encoding="UTF-8"?>
<!-- Generated by org.testng.reporters.JUnitReportReporter -->
<testsuite hostname="Jayashri" failures="0" tests="2" name="testClasses.VerifyUsercanGetLowestPrice" time="7.684" errors="0" timestamp="2022-10-12T16:40:29 IST" skipped="0">
  <testcase classname="testClasses.VerifyUsercanGetLowestPrice" name="VerifyUserCanOnProduct" time="3.000"/>
  <system-out/>
  <testcase classname="testClasses.VerifyUsercanGetLowestPrice" name="verifyUsercanGetLowestPrice" time="4.684"/>
  <system-out/>
</testsuite> <!-- testClasses.VerifyUsercanGetLowestPrice -->
